# JRE version: OpenJDK Runtime Environment (17.0.7) (build 17.0.7+0-b2043.56-10550314)
# Java VM: OpenJDK 64-Bit Server VM (17.0.7+0-b2043.56-10550314, mixed mode, tiered, compressed oops, compressed class ptrs, g1 gc, windows-amd64)
GC Precious Log:
 CPUs: 4 total, 4 available
 Memory: 8071M
 Large Page Support: Disabled
 NUMA Support: Disabled
 Compressed Oops: Enabled (Zero based)
 Heap Region Size: 2M
 Heap Min Capacity: 8M
 Heap Initial Capacity: 128M
 Heap Max Capacity: 4G
 Pre-touch: Disabled
 Parallel Workers: 4
 Concurrent Workers: 1
 Concurrent Refinement Workers: 4
 Periodic GC: Disabled
Heap:
 garbage-first heap   total 397312K, used 162244K [0x0000000700000000, 0x0000000800000000)
  region size 2048K, 23 young (47104K), 3 survivors (6144K)
 Metaspace       used 106450K, committed 107520K, reserved 1179648K
  class space    used 14409K, committed 14848K, reserved 1048576K
GC Heap History (20 events):
Event: 38.913 GC heap before
{Heap before GC invocations=49 (full 0):
 garbage-first heap   total 153600K, used 108267K [0x0000000700000000, 0x0000000800000000)
  region size 2048K, 17 young (34816K), 3 survivors (6144K)
 Metaspace       used 91967K, committed 92608K, reserved 1179648K
  class space    used 12369K, committed 12672K, reserved 1048576K
}
Event: 38.925 GC heap after
{Heap after GC invocations=50 (full 0):
 garbage-first heap   total 153600K, used 80638K [0x0000000700000000, 0x0000000800000000)
  region size 2048K, 2 young (4096K), 2 survivors (4096K)
 Metaspace       used 91967K, committed 92608K, reserved 1179648K
  class space    used 12369K, committed 12672K, reserved 1048576K
}
Event: 38.993 GC heap before
{Heap before GC invocations=50 (full 0):
 garbage-first heap   total 153600K, used 82686K [0x0000000700000000, 0x0000000800000000)
  region size 2048K, 3 young (6144K), 2 survivors (4096K)
 Metaspace       used 91972K, committed 92608K, reserved 1179648K
  class space    used 12369K, committed 12672K, reserved 1048576K
}
Event: 39.001 GC heap after
{Heap after GC invocations=51 (full 0):
 garbage-first heap   total 184320K, used 80129K [0x0000000700000000, 0x0000000800000000)
  region size 2048K, 1 young (2048K), 1 survivors (2048K)
 Metaspace       used 91972K, committed 92608K, reserved 1179648K
  class space    used 12369K, committed 12672K, reserved 1048576K
}
Event: 457.063 GC heap before
{Heap before GC invocations=51 (full 0):
 garbage-first heap   total 184320K, used 149761K [0x0000000700000000, 0x0000000800000000)
  region size 2048K, 35 young (71680K), 1 survivors (2048K)
 Metaspace       used 94223K, committed 94976K, reserved 1179648K
  class space    used 12637K, committed 12992K, reserved 1048576K
}
Event: 457.074 GC heap after
{Heap after GC invocations=52 (full 0):
 garbage-first heap   total 184320K, used 82555K [0x0000000700000000, 0x0000000800000000)
  region size 2048K, 2 young (4096K), 2 survivors (4096K)
 Metaspace       used 94223K, committed 94976K, reserved 1179648K
  class space    used 12637K, committed 12992K, reserved 1048576K
}
Event: 1104.952 GC heap before
{Heap before GC invocations=52 (full 0):
 garbage-first heap   total 184320K, used 148091K [0x0000000700000000, 0x0000000800000000)
  region size 2048K, 35 young (71680K), 2 survivors (4096K)
 Metaspace       used 95231K, committed 96128K, reserved 1179648K
  class space    used 12682K, committed 13120K, reserved 1048576K
}
Event: 1105.060 GC heap after
{Heap after GC invocations=53 (full 0):
 garbage-first heap   total 184320K, used 82887K [0x0000000700000000, 0x0000000800000000)
  region size 2048K, 2 young (4096K), 2 survivors (4096K)
 Metaspace       used 95231K, committed 96128K, reserved 1179648K
  class space    used 12682K, committed 13120K, reserved 1048576K
}
Event: 1302.886 GC heap before
{Heap before GC invocations=53 (full 0):
 garbage-first heap   total 184320K, used 152519K [0x0000000700000000, 0x0000000800000000)
  region size 2048K, 36 young (73728K), 2 survivors (4096K)
 Metaspace       used 97369K, committed 98240K, reserved 1179648K
  class space    used 12899K, committed 13312K, reserved 1048576K
}
Event: 1302.940 GC heap after
{Heap after GC invocations=54 (full 0):
 garbage-first heap   total 184320K, used 88219K [0x0000000700000000, 0x0000000800000000)
  region size 2048K, 5 young (10240K), 5 survivors (10240K)
 Metaspace       used 97369K, committed 98240K, reserved 1179648K
  class space    used 12899K, committed 13312K, reserved 1048576K
}
Event: 1306.646 GC heap before
{Heap before GC invocations=54 (full 0):
 garbage-first heap   total 184320K, used 151707K [0x0000000700000000, 0x0000000800000000)
  region size 2048K, 36 young (73728K), 5 survivors (10240K)
 Metaspace       used 102755K, committed 103680K, reserved 1179648K
  class space    used 13840K, committed 14272K, reserved 1048576K
}
Event: 1306.728 GC heap after
{Heap after GC invocations=55 (full 0):
 garbage-first heap   total 184320K, used 93059K [0x0000000700000000, 0x0000000800000000)
  region size 2048K, 3 young (6144K), 3 survivors (6144K)
 Metaspace       used 102755K, committed 103680K, reserved 1179648K
  class space    used 13840K, committed 14272K, reserved 1048576K
}
Event: 1308.678 GC heap before
{Heap before GC invocations=55 (full 0):
 garbage-first heap   total 184320K, used 150403K [0x0000000700000000, 0x0000000800000000)
  region size 2048K, 32 young (65536K), 3 survivors (6144K)
 Metaspace       used 103992K, committed 104896K, reserved 1179648K
  class space    used 14023K, committed 14464K, reserved 1048576K
}
Event: 1308.732 GC heap after
{Heap after GC invocations=56 (full 0):
 garbage-first heap   total 184320K, used 103003K [0x0000000700000000, 0x0000000800000000)
  region size 2048K, 4 young (8192K), 4 survivors (8192K)
 Metaspace       used 103992K, committed 104896K, reserved 1179648K
  class space    used 14023K, committed 14464K, reserved 1048576K
}
Event: 1310.950 GC heap before
{Heap before GC invocations=57 (full 0):
 garbage-first heap   total 198656K, used 148059K [0x0000000700000000, 0x0000000800000000)
  region size 2048K, 26 young (53248K), 4 survivors (8192K)
 Metaspace       used 105355K, committed 106368K, reserved 1179648K
  class space    used 14246K, committed 14720K, reserved 1048576K
}
Event: 1310.992 GC heap after
{Heap after GC invocations=58 (full 0):
 garbage-first heap   total 198656K, used 113254K [0x0000000700000000, 0x0000000800000000)
  region size 2048K, 4 young (8192K), 4 survivors (8192K)
 Metaspace       used 105355K, committed 106368K, reserved 1179648K
  class space    used 14246K, committed 14720K, reserved 1048576K
}
Event: 1311.081 GC heap before
{Heap before GC invocations=58 (full 0):
 garbage-first heap   total 198656K, used 115302K [0x0000000700000000, 0x0000000800000000)
  region size 2048K, 5 young (10240K), 4 survivors (8192K)
 Metaspace       used 105356K, committed 106368K, reserved 1179648K
  class space    used 14246K, committed 14720K, reserved 1048576K
}
Event: 1311.113 GC heap after
{Heap after GC invocations=59 (full 0):
 garbage-first heap   total 198656K, used 113264K [0x0000000700000000, 0x0000000800000000)
  region size 2048K, 1 young (2048K), 1 survivors (2048K)
 Metaspace       used 105356K, committed 106368K, reserved 1179648K
  class space    used 14246K, committed 14720K, reserved 1048576K
}
Event: 1312.935 GC heap before
{Heap before GC invocations=59 (full 0):
 garbage-first heap   total 198656K, used 156272K [0x0000000700000000, 0x0000000800000000)
  region size 2048K, 23 young (47104K), 1 survivors (2048K)
 Metaspace       used 105801K, committed 106816K, reserved 1179648K
  class space    used 14315K, committed 14784K, reserved 1048576K
}
Event: 1312.956 GC heap after
{Heap after GC invocations=60 (full 0):
 garbage-first heap   total 397312K, used 123332K [0x0000000700000000, 0x0000000800000000)
  region size 2048K, 3 young (6144K), 3 survivors (6144K)
 Metaspace       used 105801K, committed 106816K, reserved 1179648K
  class space    used 14315K, committed 14784K, reserved 1048576K
}

